<?xml version="1.0" encoding="UTF-8"?>
<!-- Generated by org.testng.reporters.JUnitReportReporter -->
<testsuite skipped="0" hostname="Mustafizurs-MBP.home" name="base.Config" tests="1" failures="0" timestamp="03 Dec 2017 15:32:06 GMT" time="1.031" errors="1">
  <testcase name="beforeclass" time="1.031" classname="base.Config">
    <error type="org.openqa.selenium.WebDriverException" message="Process unexpectedly closed with status: 0
Build info: version: &#039;unknown&#039;, revision: &#039;unknown&#039;, time: &#039;unknown&#039;
System info: host: &#039;Mustafizurs-MBP.home&#039;, ip: &#039;fe80:0:0:0:c49:94c4:1104:8e16%en0&#039;, os.name: &#039;Mac OS X&#039;, os.arch: &#039;x86_64&#039;, os.version: &#039;10.12.6&#039;, java.version: &#039;1.8.0_131&#039;
Driver info: driver.version: FirefoxDriver
remote stacktrace: stack backtrace:
   0:        0x107b0da8e - backtrace::backtrace::trace::h69682bcb53decaf6
   1:        0x107b0dacc - backtrace::capture::Backtrace::new::hdc9d731a957304a6
   2:        0x107a3e434 - webdriver::error::WebDriverError::new::h930061353eac4c81
   3:        0x107a45dcc - geckodriver::marionette::MarionetteHandler::create_connection::hc09196342b760e35
   4:        0x107a257d4 - _$LT$webdriver..server..Dispatcher$LT$T$C$$u20$U$GT$$GT$::run::hfda25a6dc0b512aa
   5:        0x1079fd645 - std::sys_common::backtrace::__rust_begin_short_backtrace::h95009c1d3a320838
   6:        0x107a0511d - std::panicking::try::do_call::h8c5f07f1fc714fb2
   7:        0x107bbe9cc - __rust_maybe_catch_panic
   8:        0x107a1af55 - _$LT$F$u20$as$u20$alloc..boxed..FnBox$LT$A$GT$$GT$::call_box::h6a96e09ff4d37bff
   9:        0x107bbac3b - std::sys::imp::thread::Thread::new::thread_start::h823686b907c11c46
  10:     0x7fff96d1d93a - _pthread_body
  11:     0x7fff96d1d886 - _pthread_start">
      <![CDATA[org.openqa.selenium.WebDriverException: Process unexpectedly closed with status: 0
Build info: version: 'unknown', revision: 'unknown', time: 'unknown'
System info: host: 'Mustafizurs-MBP.home', ip: 'fe80:0:0:0:c49:94c4:1104:8e16%en0', os.name: 'Mac OS X', os.arch: 'x86_64', os.version: '10.12.6', java.version: '1.8.0_131'
Driver info: driver.version: FirefoxDriver
remote stacktrace: stack backtrace:
   0:        0x107b0da8e - backtrace::backtrace::trace::h69682bcb53decaf6
   1:        0x107b0dacc - backtrace::capture::Backtrace::new::hdc9d731a957304a6
   2:        0x107a3e434 - webdriver::error::WebDriverError::new::h930061353eac4c81
   3:        0x107a45dcc - geckodriver::marionette::MarionetteHandler::create_connection::hc09196342b760e35
   4:        0x107a257d4 - _$LT$webdriver..server..Dispatcher$LT$T$C$$u20$U$GT$$GT$::run::hfda25a6dc0b512aa
   5:        0x1079fd645 - std::sys_common::backtrace::__rust_begin_short_backtrace::h95009c1d3a320838
   6:        0x107a0511d - std::panicking::try::do_call::h8c5f07f1fc714fb2
   7:        0x107bbe9cc - __rust_maybe_catch_panic
   8:        0x107a1af55 - _$LT$F$u20$as$u20$alloc..boxed..FnBox$LT$A$GT$$GT$::call_box::h6a96e09ff4d37bff
   9:        0x107bbac3b - std::sys::imp::thread::Thread::new::thread_start::h823686b907c11c46
  10:     0x7fff96d1d93a - _pthread_body
  11:     0x7fff96d1d886 - _pthread_start
	at sun.reflect.NativeConstructorAccessorImpl.newInstance0(Native Method)
	at sun.reflect.NativeConstructorAccessorImpl.newInstance(NativeConstructorAccessorImpl.java:62)
	at sun.reflect.DelegatingConstructorAccessorImpl.newInstance(DelegatingConstructorAccessorImpl.java:45)
	at java.lang.reflect.Constructor.newInstance(Constructor.java:423)
	at org.openqa.selenium.remote.W3CHandshakeResponse.lambda$new$0(W3CHandshakeResponse.java:57)
	at org.openqa.selenium.remote.W3CHandshakeResponse.lambda$getResponseFunction$2(W3CHandshakeResponse.java:104)
	at org.openqa.selenium.remote.ProtocolHandshake.lambda$createSession$24(ProtocolHandshake.java:359)
	at java.util.stream.ReferencePipeline$3$1.accept(ReferencePipeline.java:193)
	at java.util.Spliterators$ArraySpliterator.tryAdvance(Spliterators.java:958)
	at java.util.stream.ReferencePipeline.forEachWithCancel(ReferencePipeline.java:126)
	at java.util.stream.AbstractPipeline.copyIntoWithCancel(AbstractPipeline.java:498)
	at java.util.stream.AbstractPipeline.copyInto(AbstractPipeline.java:485)
	at java.util.stream.AbstractPipeline.wrapAndCopyInto(AbstractPipeline.java:471)
	at java.util.stream.FindOps$FindOp.evaluateSequential(FindOps.java:152)
	at java.util.stream.AbstractPipeline.evaluate(AbstractPipeline.java:234)
	at java.util.stream.ReferencePipeline.findFirst(ReferencePipeline.java:464)
	at org.openqa.selenium.remote.ProtocolHandshake.createSession(ProtocolHandshake.java:362)
	at org.openqa.selenium.remote.ProtocolHandshake.createSession(ProtocolHandshake.java:136)
	at org.openqa.selenium.remote.HttpCommandExecutor.execute(HttpCommandExecutor.java:142)
	at org.openqa.selenium.remote.service.DriverCommandExecutor.execute(DriverCommandExecutor.java:82)
	at org.openqa.selenium.remote.RemoteWebDriver.execute(RemoteWebDriver.java:646)
	at org.openqa.selenium.remote.RemoteWebDriver.startSession(RemoteWebDriver.java:255)
	at org.openqa.selenium.remote.RemoteWebDriver.startSession(RemoteWebDriver.java:237)
	at org.openqa.selenium.remote.RemoteWebDriver.<init>(RemoteWebDriver.java:138)
	at org.openqa.selenium.firefox.FirefoxDriver.<init>(FirefoxDriver.java:191)
	at org.openqa.selenium.firefox.FirefoxDriver.<init>(FirefoxDriver.java:103)
	at org.openqa.selenium.firefox.FirefoxDriver.<init>(FirefoxDriver.java:99)
	at base.Config.beforeclass(Config.java:19)
	at sun.reflect.NativeMethodAccessorImpl.invoke0(Native Method)
	at sun.reflect.NativeMethodAccessorImpl.invoke(NativeMethodAccessorImpl.java:62)
	at sun.reflect.DelegatingMethodAccessorImpl.invoke(DelegatingMethodAccessorImpl.java:43)
	at java.lang.reflect.Method.invoke(Method.java:498)
	at org.testng.internal.MethodInvocationHelper.invokeMethod(MethodInvocationHelper.java:108)
	at org.testng.internal.Invoker.invokeMethod(Invoker.java:669)
	at org.testng.internal.Invoker.invokeTestMethod(Invoker.java:877)
	at org.testng.internal.Invoker.invokeTestMethods(Invoker.java:1201)
	at org.testng.internal.TestMethodWorker.invokeTestMethods(TestMethodWorker.java:125)
	at org.testng.internal.TestMethodWorker.run(TestMethodWorker.java:109)
	at org.testng.TestRunner.privateRun(TestRunner.java:776)
	at org.testng.TestRunner.run(TestRunner.java:634)
	at org.testng.SuiteRunner.runTest(SuiteRunner.java:425)
	at org.testng.SuiteRunner.runSequentially(SuiteRunner.java:420)
	at org.testng.SuiteRunner.privateRun(SuiteRunner.java:385)
	at org.testng.SuiteRunner.run(SuiteRunner.java:334)
	at org.testng.SuiteRunnerWorker.runSuite(SuiteRunnerWorker.java:52)
	at org.testng.SuiteRunnerWorker.run(SuiteRunnerWorker.java:86)
	at org.testng.TestNG.runSuitesSequentially(TestNG.java:1318)
	at org.testng.TestNG.runSuitesLocally(TestNG.java:1243)
	at org.testng.TestNG.runSuites(TestNG.java:1161)
	at org.testng.TestNG.run(TestNG.java:1129)
	at org.testng.remote.AbstractRemoteTestNG.run(AbstractRemoteTestNG.java:114)
	at org.testng.remote.RemoteTestNG.initAndRun(RemoteTestNG.java:251)
	at org.testng.remote.RemoteTestNG.main(RemoteTestNG.java:77)
]]>
    </error>
  </testcase> <!-- beforeclass -->
</testsuite> <!-- base.Config -->
